This file contains any messages produced by compilers while
running configure, to aid debugging if configure makes a mistake.

It was created by 3matchgameubuntu configure 0.1, which was
generated by GNU Autoconf 2.69.  Invocation command line was

  $ /home/alejo/3matchgameubuntu/configure --enable-maintainer-mode

## --------- ##
## Platform. ##
## --------- ##

hostname = alejo-OEM
uname -m = i686
uname -r = 3.19.0-25-generic
uname -s = Linux
uname -v = #26~14.04.1-Ubuntu SMP Fri Jul 24 21:18:00 UTC 2015

/usr/bin/uname -p = unknown
/bin/uname -X     = unknown

/bin/arch              = unknown
/usr/bin/arch -k       = unknown
/usr/convex/getsysinfo = unknown
/usr/bin/hostinfo      = unknown
/bin/machine           = unknown
/usr/bin/oslevel       = unknown
/bin/universe          = unknown

PATH: /usr/local/sbin
PATH: /usr/local/bin
PATH: /usr/sbin
PATH: /usr/bin
PATH: /sbin
PATH: /bin
PATH: /usr/games
PATH: /usr/local/games


## ----------- ##
## Core tests. ##
## ----------- ##

configure:2432: checking for a BSD-compatible install
configure:2500: result: /usr/bin/install -c
configure:2511: checking whether build environment is sane
configure:2566: result: yes
configure:2717: checking for a thread-safe mkdir -p
configure:2756: result: /bin/mkdir -p
configure:2763: checking for gawk
configure:2793: result: no
configure:2763: checking for mawk
configure:2779: found /usr/bin/mawk
configure:2790: result: mawk
configure:2801: checking whether make sets $(MAKE)
configure:2823: result: yes
configure:2852: checking whether make supports nested variables
configure:2869: result: yes
configure:3006: checking whether make supports nested variables
configure:3023: result: yes
configure:3093: checking for g++
configure:3109: found /usr/bin/g++
configure:3120: result: g++
configure:3147: checking for C++ compiler version
configure:3156: g++ --version >&5
g++ (Ubuntu 4.8.4-2ubuntu1~14.04) 4.8.4
Copyright (C) 2013 Free Software Foundation, Inc.
This is free software; see the source for copying conditions.  There is NO
warranty; not even for MERCHANTABILITY or FITNESS FOR A PARTICULAR PURPOSE.

configure:3167: $? = 0
configure:3156: g++ -v >&5
Using built-in specs.
COLLECT_GCC=g++
COLLECT_LTO_WRAPPER=/usr/lib/gcc/i686-linux-gnu/4.8/lto-wrapper
Target: i686-linux-gnu
Configured with: ../src/configure -v --with-pkgversion='Ubuntu 4.8.4-2ubuntu1~14.04' --with-bugurl=file:///usr/share/doc/gcc-4.8/README.Bugs --enable-languages=c,c++,java,go,d,fortran,objc,obj-c++ --prefix=/usr --program-suffix=-4.8 --enable-shared --enable-linker-build-id --libexecdir=/usr/lib --without-included-gettext --enable-threads=posix --with-gxx-include-dir=/usr/include/c++/4.8 --libdir=/usr/lib --enable-nls --with-sysroot=/ --enable-clocale=gnu --enable-libstdcxx-debug --enable-libstdcxx-time=yes --enable-gnu-unique-object --disable-libmudflap --enable-plugin --with-system-zlib --disable-browser-plugin --enable-java-awt=gtk --enable-gtk-cairo --with-java-home=/usr/lib/jvm/java-1.5.0-gcj-4.8-i386/jre --enable-java-home --with-jvm-root-dir=/usr/lib/jvm/java-1.5.0-gcj-4.8-i386 --with-jvm-jar-dir=/usr/lib/jvm-exports/java-1.5.0-gcj-4.8-i386 --with-arch-directory=i386 --with-ecj-jar=/usr/share/java/eclipse-ecj.jar --enable-objc-gc --enable-targets=all --enable-multiarch --disable-werror --with-arch-32=i686 --with-multilib-list=m32,m64,mx32 --with-tune=generic --enable-checking=release --build=i686-linux-gnu --host=i686-linux-gnu --target=i686-linux-gnu
Thread model: posix
gcc version 4.8.4 (Ubuntu 4.8.4-2ubuntu1~14.04) 
configure:3167: $? = 0
configure:3156: g++ -V >&5
g++: error: unrecognized command line option '-V'
g++: fatal error: no input files
compilation terminated.
configure:3167: $? = 4
configure:3156: g++ -qversion >&5
g++: error: unrecognized command line option '-qversion'
g++: fatal error: no input files
compilation terminated.
configure:3167: $? = 4
configure:3187: checking whether the C++ compiler works
configure:3209: g++    conftest.cpp  >&5
configure:3213: $? = 0
configure:3261: result: yes
configure:3264: checking for C++ compiler default output file name
configure:3266: result: a.out
configure:3272: checking for suffix of executables
configure:3279: g++ -o conftest    conftest.cpp  >&5
configure:3283: $? = 0
configure:3305: result: 
configure:3327: checking whether we are cross compiling
configure:3335: g++ -o conftest    conftest.cpp  >&5
configure:3339: $? = 0
configure:3346: ./conftest
configure:3350: $? = 0
configure:3365: result: no
configure:3370: checking for suffix of object files
configure:3392: g++ -c   conftest.cpp >&5
configure:3396: $? = 0
configure:3417: result: o
configure:3421: checking whether we are using the GNU C++ compiler
configure:3440: g++ -c   conftest.cpp >&5
configure:3440: $? = 0
configure:3449: result: yes
configure:3458: checking whether g++ accepts -g
configure:3478: g++ -c -g  conftest.cpp >&5
configure:3478: $? = 0
configure:3519: result: yes
configure:3553: checking for style of include used by make
configure:3581: result: GNU
configure:3607: checking dependency style of g++
configure:3718: result: gcc3
configure:3738: checking whether NLS is requested
configure:3747: result: yes
configure:3799: checking for gcc
configure:3815: found /usr/bin/gcc
configure:3826: result: gcc
configure:4055: checking for C compiler version
configure:4064: gcc --version >&5
gcc (Ubuntu 4.8.4-2ubuntu1~14.04) 4.8.4
Copyright (C) 2013 Free Software Foundation, Inc.
This is free software; see the source for copying conditions.  There is NO
warranty; not even for MERCHANTABILITY or FITNESS FOR A PARTICULAR PURPOSE.

configure:4075: $? = 0
configure:4064: gcc -v >&5
Using built-in specs.
COLLECT_GCC=gcc
COLLECT_LTO_WRAPPER=/usr/lib/gcc/i686-linux-gnu/4.8/lto-wrapper
Target: i686-linux-gnu
Configured with: ../src/configure -v --with-pkgversion='Ubuntu 4.8.4-2ubuntu1~14.04' --with-bugurl=file:///usr/share/doc/gcc-4.8/README.Bugs --enable-languages=c,c++,java,go,d,fortran,objc,obj-c++ --prefix=/usr --program-suffix=-4.8 --enable-shared --enable-linker-build-id --libexecdir=/usr/lib --without-included-gettext --enable-threads=posix --with-gxx-include-dir=/usr/include/c++/4.8 --libdir=/usr/lib --enable-nls --with-sysroot=/ --enable-clocale=gnu --enable-libstdcxx-debug --enable-libstdcxx-time=yes --enable-gnu-unique-object --disable-libmudflap --enable-plugin --with-system-zlib --disable-browser-plugin --enable-java-awt=gtk --enable-gtk-cairo --with-java-home=/usr/lib/jvm/java-1.5.0-gcj-4.8-i386/jre --enable-java-home --with-jvm-root-dir=/usr/lib/jvm/java-1.5.0-gcj-4.8-i386 --with-jvm-jar-dir=/usr/lib/jvm-exports/java-1.5.0-gcj-4.8-i386 --with-arch-directory=i386 --with-ecj-jar=/usr/share/java/eclipse-ecj.jar --enable-objc-gc --enable-targets=all --enable-multiarch --disable-werror --with-arch-32=i686 --with-multilib-list=m32,m64,mx32 --with-tune=generic --enable-checking=release --build=i686-linux-gnu --host=i686-linux-gnu --target=i686-linux-gnu
Thread model: posix
gcc version 4.8.4 (Ubuntu 4.8.4-2ubuntu1~14.04) 
configure:4075: $? = 0
configure:4064: gcc -V >&5
gcc: error: unrecognized command line option '-V'
gcc: fatal error: no input files
compilation terminated.
configure:4075: $? = 4
configure:4064: gcc -qversion >&5
gcc: error: unrecognized command line option '-qversion'
gcc: fatal error: no input files
compilation terminated.
configure:4075: $? = 4
configure:4079: checking whether we are using the GNU C compiler
configure:4098: gcc -c   conftest.c >&5
configure:4098: $? = 0
configure:4107: result: yes
configure:4116: checking whether gcc accepts -g
configure:4136: gcc -c -g  conftest.c >&5
configure:4136: $? = 0
configure:4177: result: yes
configure:4194: checking for gcc option to accept ISO C89
configure:4257: gcc  -c -g -O2  conftest.c >&5
configure:4257: $? = 0
configure:4270: result: none needed
configure:4295: checking whether gcc understands -c and -o together
configure:4317: gcc -c conftest.c -o conftest2.o
configure:4320: $? = 0
configure:4317: gcc -c conftest.c -o conftest2.o
configure:4320: $? = 0
configure:4332: result: yes
configure:4351: checking dependency style of gcc
configure:4462: result: gcc3
configure:4492: checking for intltool >= 0.35.0
configure:4494: result: 0.50.2 found
configure:4502: checking for intltool-update
configure:4520: found /usr/bin/intltool-update
configure:4532: result: /usr/bin/intltool-update
configure:4542: checking for intltool-merge
configure:4560: found /usr/bin/intltool-merge
configure:4572: result: /usr/bin/intltool-merge
configure:4582: checking for intltool-extract
configure:4600: found /usr/bin/intltool-extract
configure:4612: result: /usr/bin/intltool-extract
configure:4766: checking for xgettext
configure:4784: found /usr/bin/xgettext
configure:4796: result: /usr/bin/xgettext
configure:4806: checking for msgmerge
configure:4824: found /usr/bin/msgmerge
configure:4836: result: /usr/bin/msgmerge
configure:4846: checking for msgfmt
configure:4864: found /usr/bin/msgfmt
configure:4876: result: /usr/bin/msgfmt
configure:4886: checking for gmsgfmt
configure:4917: result: /usr/bin/msgfmt
configure:4937: checking for perl
configure:4955: found /usr/bin/perl
configure:4967: result: /usr/bin/perl
configure:4978: checking for perl >= 5.8.1
configure:4985: result: 5.18.2
configure:4989: checking for XML::Parser
configure:4992: result: ok
configure:5017: gcc -o conftest -g -O2   conftest.c  >&5
configure:5017: $? = 0
configure:5056: checking how to run the C preprocessor
configure:5087: gcc -E  conftest.c
configure:5087: $? = 0
configure:5101: gcc -E  conftest.c
conftest.c:12:28: fatal error: ac_nonexistent.h: No such file or directory
 #include <ac_nonexistent.h>
                            ^
compilation terminated.
configure:5101: $? = 1
configure: failed program was:
| /* confdefs.h */
| #define PACKAGE_NAME "3matchgameubuntu"
| #define PACKAGE_TARNAME "3matchgameubuntu"
| #define PACKAGE_VERSION "0.1"
| #define PACKAGE_STRING "3matchgameubuntu 0.1"
| #define PACKAGE_BUGREPORT ""
| #define PACKAGE_URL ""
| #define PACKAGE "3matchgameubuntu"
| #define VERSION "0.1"
| #define GETTEXT_PACKAGE "3matchgameubuntu"
| /* end confdefs.h.  */
| #include <ac_nonexistent.h>
configure:5126: result: gcc -E
configure:5146: gcc -E  conftest.c
configure:5146: $? = 0
configure:5160: gcc -E  conftest.c
conftest.c:12:28: fatal error: ac_nonexistent.h: No such file or directory
 #include <ac_nonexistent.h>
                            ^
compilation terminated.
configure:5160: $? = 1
configure: failed program was:
| /* confdefs.h */
| #define PACKAGE_NAME "3matchgameubuntu"
| #define PACKAGE_TARNAME "3matchgameubuntu"
| #define PACKAGE_VERSION "0.1"
| #define PACKAGE_STRING "3matchgameubuntu 0.1"
| #define PACKAGE_BUGREPORT ""
| #define PACKAGE_URL ""
| #define PACKAGE "3matchgameubuntu"
| #define VERSION "0.1"
| #define GETTEXT_PACKAGE "3matchgameubuntu"
| /* end confdefs.h.  */
| #include <ac_nonexistent.h>
configure:5189: checking for grep that handles long lines and -e
configure:5247: result: /bin/grep
configure:5252: checking for egrep
configure:5314: result: /bin/grep -E
configure:5319: checking for ANSI C header files
configure:5339: gcc -c -g -O2  conftest.c >&5
configure:5339: $? = 0
configure:5412: gcc -o conftest -g -O2   conftest.c  >&5
configure:5412: $? = 0
configure:5412: ./conftest
configure:5412: $? = 0
configure:5423: result: yes
configure:5436: checking for sys/types.h
configure:5436: gcc -c -g -O2  conftest.c >&5
configure:5436: $? = 0
configure:5436: result: yes
configure:5436: checking for sys/stat.h
configure:5436: gcc -c -g -O2  conftest.c >&5
configure:5436: $? = 0
configure:5436: result: yes
configure:5436: checking for stdlib.h
configure:5436: gcc -c -g -O2  conftest.c >&5
configure:5436: $? = 0
configure:5436: result: yes
configure:5436: checking for string.h
configure:5436: gcc -c -g -O2  conftest.c >&5
configure:5436: $? = 0
configure:5436: result: yes
configure:5436: checking for memory.h
configure:5436: gcc -c -g -O2  conftest.c >&5
configure:5436: $? = 0
configure:5436: result: yes
configure:5436: checking for strings.h
configure:5436: gcc -c -g -O2  conftest.c >&5
configure:5436: $? = 0
configure:5436: result: yes
configure:5436: checking for inttypes.h
configure:5436: gcc -c -g -O2  conftest.c >&5
configure:5436: $? = 0
configure:5436: result: yes
configure:5436: checking for stdint.h
configure:5436: gcc -c -g -O2  conftest.c >&5
configure:5436: $? = 0
configure:5436: result: yes
configure:5436: checking for unistd.h
configure:5436: gcc -c -g -O2  conftest.c >&5
configure:5436: $? = 0
configure:5436: result: yes
configure:5451: checking locale.h usability
configure:5451: gcc -c -g -O2  conftest.c >&5
configure:5451: $? = 0
configure:5451: result: yes
configure:5451: checking locale.h presence
configure:5451: gcc -E  conftest.c
configure:5451: $? = 0
configure:5451: result: yes
configure:5451: checking for locale.h
configure:5451: result: yes
configure:5462: checking for LC_MESSAGES
configure:5478: gcc -o conftest -g -O2   conftest.c  >&5
configure:5478: $? = 0
configure:5486: result: yes
configure:5503: checking libintl.h usability
configure:5503: gcc -c -g -O2  conftest.c >&5
configure:5503: $? = 0
configure:5503: result: yes
configure:5503: checking libintl.h presence
configure:5503: gcc -E  conftest.c
configure:5503: $? = 0
configure:5503: result: yes
configure:5503: checking for libintl.h
configure:5503: result: yes
configure:5511: checking for ngettext in libc
configure:5529: gcc -o conftest -g -O2   conftest.c  >&5
configure:5529: $? = 0
configure:5538: result: yes
configure:5542: checking for dgettext in libc
configure:5560: gcc -o conftest -g -O2   conftest.c  >&5
configure:5560: $? = 0
configure:5569: result: yes
configure:5576: checking for bind_textdomain_codeset
configure:5576: gcc -o conftest -g -O2   conftest.c  >&5
configure:5576: $? = 0
configure:5576: result: yes
configure:5852: checking for msgfmt
configure:5879: result: /usr/bin/msgfmt
configure:5890: checking for dcgettext
configure:5890: gcc -o conftest -g -O2   conftest.c   >&5
conftest.c:49:6: warning: conflicting types for built-in function 'dcgettext' [enabled by default]
 char dcgettext ();
      ^
configure:5890: $? = 0
configure:5890: result: yes
configure:5900: checking if msgfmt accepts -c
configure:5915: $MSGFMT -c -o /dev/null conftest.foo
conftest.foo:3: warning: header field 'Language' missing in header
configure:5918: $? = 0
configure:5920: result: yes
configure:5930: checking for gmsgfmt
configure:5961: result: /usr/bin/msgfmt
configure:5971: checking for xgettext
configure:5998: result: /usr/bin/xgettext
configure:6017: gcc -o conftest -g -O2   conftest.c   >&5
configure:6017: $? = 0
configure:6190: checking build system type
configure:6204: result: i686-pc-linux-gnu
configure:6224: checking host system type
configure:6237: result: i686-pc-linux-gnu
configure:6278: checking how to print strings
configure:6305: result: printf
configure:6326: checking for a sed that does not truncate output
configure:6390: result: /bin/sed
configure:6408: checking for fgrep
configure:6470: result: /bin/grep -F
configure:6505: checking for ld used by gcc
configure:6572: result: /usr/bin/ld
configure:6579: checking if the linker (/usr/bin/ld) is GNU ld
configure:6594: result: yes
configure:6606: checking for BSD- or MS-compatible name lister (nm)
configure:6655: result: /usr/bin/nm -B
configure:6785: checking the name lister (/usr/bin/nm -B) interface
configure:6792: gcc -c -g -O2  conftest.c >&5
configure:6795: /usr/bin/nm -B "conftest.o"
configure:6798: output
00000000 B some_variable
configure:6805: result: BSD nm
configure:6808: checking whether ln -s works
configure:6812: result: yes
configure:6820: checking the maximum length of command line arguments
configure:6951: result: 1572864
configure:6968: checking whether the shell understands some XSI constructs
configure:6978: result: yes
configure:6982: checking whether the shell understands "+="
configure:6988: result: yes
configure:7023: checking how to convert i686-pc-linux-gnu file names to i686-pc-linux-gnu format
configure:7063: result: func_convert_file_noop
configure:7070: checking how to convert i686-pc-linux-gnu file names to toolchain format
configure:7090: result: func_convert_file_noop
configure:7097: checking for /usr/bin/ld option to reload object files
configure:7104: result: -r
configure:7178: checking for objdump
configure:7194: found /usr/bin/objdump
configure:7205: result: objdump
configure:7237: checking how to recognize dependent libraries
configure:7435: result: pass_all
configure:7520: checking for dlltool
configure:7550: result: no
configure:7580: checking how to associate runtime and link libraries
configure:7607: result: printf %s\n
configure:7667: checking for ar
configure:7683: found /usr/bin/ar
configure:7694: result: ar
configure:7731: checking for archiver @FILE support
configure:7748: gcc -c -g -O2  conftest.c >&5
configure:7748: $? = 0
configure:7751: ar cru libconftest.a @conftest.lst >&5
configure:7754: $? = 0
configure:7759: ar cru libconftest.a @conftest.lst >&5
ar: conftest.o: No such file or directory
configure:7762: $? = 1
configure:7774: result: @
configure:7832: checking for strip
configure:7848: found /usr/bin/strip
configure:7859: result: strip
configure:7931: checking for ranlib
configure:7947: found /usr/bin/ranlib
configure:7958: result: ranlib
configure:8060: checking command to parse /usr/bin/nm -B output from gcc object
configure:8180: gcc -c -g -O2  conftest.c >&5
configure:8183: $? = 0
configure:8187: /usr/bin/nm -B conftest.o \| sed -n -e 's/^.*[ ]\([ABCDGIRSTW][ABCDGIRSTW]*\)[ ][ ]*\([_A-Za-z][_A-Za-z0-9]*\)$/\1 \2 \2/p' | sed '/ __gnu_lto/d' \> conftest.nm
configure:8190: $? = 0
configure:8256: gcc -o conftest -g -O2   conftest.c conftstm.o >&5
configure:8259: $? = 0
configure:8297: result: ok
configure:8334: checking for sysroot
configure:8364: result: no
configure:8633: checking for mt
configure:8649: found /bin/mt
configure:8660: result: mt
configure:8683: checking if mt is a manifest tool
configure:8689: mt '-?'
configure:8697: result: no
configure:9336: checking for dlfcn.h
configure:9336: gcc -c -g -O2  conftest.c >&5
configure:9336: $? = 0
configure:9336: result: yes
configure:9553: checking for objdir
configure:9568: result: .libs
configure:9835: checking if gcc supports -fno-rtti -fno-exceptions
configure:9853: gcc -c -g -O2  -fno-rtti -fno-exceptions conftest.c >&5
cc1: warning: command line option '-fno-rtti' is valid for C++/ObjC++ but not for C [enabled by default]
configure:9857: $? = 0
configure:9870: result: no
configure:10197: checking for gcc option to produce PIC
configure:10204: result: -fPIC -DPIC
configure:10212: checking if gcc PIC flag -fPIC -DPIC works
configure:10230: gcc -c -g -O2  -fPIC -DPIC -DPIC conftest.c >&5
configure:10234: $? = 0
configure:10247: result: yes
configure:10276: checking if gcc static flag -static works
configure:10304: result: yes
configure:10319: checking if gcc supports -c -o file.o
configure:10340: gcc -c -g -O2  -o out/conftest2.o conftest.c >&5
configure:10344: $? = 0
configure:10366: result: yes
configure:10374: checking if gcc supports -c -o file.o
configure:10421: result: yes
configure:10454: checking whether the gcc linker (/usr/bin/ld) supports shared libraries
configure:11611: result: yes
configure:11648: checking whether -lc should be explicitly linked in
configure:11656: gcc -c -g -O2  conftest.c >&5
configure:11659: $? = 0
configure:11674: gcc -shared  -fPIC -DPIC conftest.o  -v -Wl,-soname -Wl,conftest -o conftest 2\>\&1 \| /bin/grep  -lc  \>/dev/null 2\>\&1
configure:11677: $? = 0
configure:11691: result: no
configure:11851: checking dynamic linker characteristics
configure:12351: gcc -o conftest -g -O2   -Wl,-rpath -Wl,/foo conftest.c  >&5
configure:12351: $? = 0
configure:12585: result: GNU/Linux ld.so
configure:12692: checking how to hardcode library paths into programs
configure:12717: result: immediate
configure:13257: checking whether stripping libraries is possible
configure:13262: result: yes
configure:13297: checking if libtool supports shared libraries
configure:13299: result: yes
configure:13302: checking whether to build shared libraries
configure:13323: result: yes
configure:13326: checking whether to build static libraries
configure:13330: result: yes
configure:13353: checking how to run the C++ preprocessor
configure:13380: g++ -E  conftest.cpp
configure:13380: $? = 0
configure:13394: g++ -E  conftest.cpp
conftest.cpp:30:28: fatal error: ac_nonexistent.h: No such file or directory
 #include <ac_nonexistent.h>
                            ^
compilation terminated.
configure:13394: $? = 1
configure: failed program was:
| /* confdefs.h */
| #define PACKAGE_NAME "3matchgameubuntu"
| #define PACKAGE_TARNAME "3matchgameubuntu"
| #define PACKAGE_VERSION "0.1"
| #define PACKAGE_STRING "3matchgameubuntu 0.1"
| #define PACKAGE_BUGREPORT ""
| #define PACKAGE_URL ""
| #define PACKAGE "3matchgameubuntu"
| #define VERSION "0.1"
| #define GETTEXT_PACKAGE "3matchgameubuntu"
| #define STDC_HEADERS 1
| #define HAVE_SYS_TYPES_H 1
| #define HAVE_SYS_STAT_H 1
| #define HAVE_STDLIB_H 1
| #define HAVE_STRING_H 1
| #define HAVE_MEMORY_H 1
| #define HAVE_STRINGS_H 1
| #define HAVE_INTTYPES_H 1
| #define HAVE_STDINT_H 1
| #define HAVE_UNISTD_H 1
| #define HAVE_LOCALE_H 1
| #define HAVE_LC_MESSAGES 1
| #define HAVE_BIND_TEXTDOMAIN_CODESET 1
| #define HAVE_GETTEXT 1
| #define HAVE_DCGETTEXT 1
| #define ENABLE_NLS 1
| #define HAVE_DLFCN_H 1
| #define LT_OBJDIR ".libs/"
| /* end confdefs.h.  */
| #include <ac_nonexistent.h>
configure:13419: result: g++ -E
configure:13439: g++ -E  conftest.cpp
configure:13439: $? = 0
configure:13453: g++ -E  conftest.cpp
conftest.cpp:30:28: fatal error: ac_nonexistent.h: No such file or directory
 #include <ac_nonexistent.h>
                            ^
compilation terminated.
configure:13453: $? = 1
configure: failed program was:
| /* confdefs.h */
| #define PACKAGE_NAME "3matchgameubuntu"
| #define PACKAGE_TARNAME "3matchgameubuntu"
| #define PACKAGE_VERSION "0.1"
| #define PACKAGE_STRING "3matchgameubuntu 0.1"
| #define PACKAGE_BUGREPORT ""
| #define PACKAGE_URL ""
| #define PACKAGE "3matchgameubuntu"
| #define VERSION "0.1"
| #define GETTEXT_PACKAGE "3matchgameubuntu"
| #define STDC_HEADERS 1
| #define HAVE_SYS_TYPES_H 1
| #define HAVE_SYS_STAT_H 1
| #define HAVE_STDLIB_H 1
| #define HAVE_STRING_H 1
| #define HAVE_MEMORY_H 1
| #define HAVE_STRINGS_H 1
| #define HAVE_INTTYPES_H 1
| #define HAVE_STDINT_H 1
| #define HAVE_UNISTD_H 1
| #define HAVE_LOCALE_H 1
| #define HAVE_LC_MESSAGES 1
| #define HAVE_BIND_TEXTDOMAIN_CODESET 1
| #define HAVE_GETTEXT 1
| #define HAVE_DCGETTEXT 1
| #define ENABLE_NLS 1
| #define HAVE_DLFCN_H 1
| #define LT_OBJDIR ".libs/"
| /* end confdefs.h.  */
| #include <ac_nonexistent.h>
configure:13622: checking for ld used by g++
configure:13689: result: /usr/bin/ld
configure:13696: checking if the linker (/usr/bin/ld) is GNU ld
configure:13711: result: yes
configure:13766: checking whether the g++ linker (/usr/bin/ld) supports shared libraries
configure:14768: result: yes
configure:14804: g++ -c -g -O2  conftest.cpp >&5
configure:14807: $? = 0
configure:15327: checking for g++ option to produce PIC
configure:15334: result: -fPIC -DPIC
configure:15342: checking if g++ PIC flag -fPIC -DPIC works
configure:15360: g++ -c -g -O2  -fPIC -DPIC -DPIC conftest.cpp >&5
configure:15364: $? = 0
configure:15377: result: yes
configure:15400: checking if g++ static flag -static works
configure:15428: result: yes
configure:15440: checking if g++ supports -c -o file.o
configure:15461: g++ -c -g -O2  -o out/conftest2.o conftest.cpp >&5
configure:15465: $? = 0
configure:15487: result: yes
configure:15492: checking if g++ supports -c -o file.o
configure:15539: result: yes
configure:15569: checking whether the g++ linker (/usr/bin/ld) supports shared libraries
configure:15608: result: yes
configure:15749: checking dynamic linker characteristics
configure:16417: result: GNU/Linux ld.so
configure:16470: checking how to hardcode library paths into programs
configure:16495: result: immediate
configure:16672: checking that generated files are newer than configure
configure:16678: result: done
configure:16709: creating ./config.status

## ---------------------- ##
## Running config.status. ##
## ---------------------- ##

This file was extended by 3matchgameubuntu config.status 0.1, which was
generated by GNU Autoconf 2.69.  Invocation command line was

  CONFIG_FILES    = 
  CONFIG_HEADERS  = 
  CONFIG_LINKS    = 
  CONFIG_COMMANDS = 
  $ ./config.status 

on alejo-OEM

config.status:1222: creating Makefile
config.status:1222: creating src/Makefile
config.status:1222: creating po/Makefile.in
config.status:1222: creating config.h
config.status:1451: executing depfiles commands
config.status:1451: executing default-1 commands
config.status:1451: executing libtool commands
config.status:1451: executing po/stamp-it commands
configure:19222: WARNING: unrecognized options: --enable-maintainer-mode

## ---------------- ##
## Cache variables. ##
## ---------------- ##

ac_cv_build=i686-pc-linux-gnu
ac_cv_c_compiler_gnu=yes
ac_cv_cxx_compiler_gnu=yes
ac_cv_env_CCC_set=
ac_cv_env_CCC_value=
ac_cv_env_CC_set=
ac_cv_env_CC_value=
ac_cv_env_CFLAGS_set=
ac_cv_env_CFLAGS_value=
ac_cv_env_CPPFLAGS_set=
ac_cv_env_CPPFLAGS_value=
ac_cv_env_CPP_set=
ac_cv_env_CPP_value=
ac_cv_env_CXXCPP_set=
ac_cv_env_CXXCPP_value=
ac_cv_env_CXXFLAGS_set=
ac_cv_env_CXXFLAGS_value=
ac_cv_env_CXX_set=
ac_cv_env_CXX_value=
ac_cv_env_LDFLAGS_set=
ac_cv_env_LDFLAGS_value=
ac_cv_env_LIBS_set=
ac_cv_env_LIBS_value=
ac_cv_env_build_alias_set=
ac_cv_env_build_alias_value=
ac_cv_env_host_alias_set=
ac_cv_env_host_alias_value=
ac_cv_env_target_alias_set=
ac_cv_env_target_alias_value=
ac_cv_func_bind_textdomain_codeset=yes
ac_cv_func_dcgettext=yes
ac_cv_header_dlfcn_h=yes
ac_cv_header_inttypes_h=yes
ac_cv_header_libintl_h=yes
ac_cv_header_locale_h=yes
ac_cv_header_memory_h=yes
ac_cv_header_stdc=yes
ac_cv_header_stdint_h=yes
ac_cv_header_stdlib_h=yes
ac_cv_header_string_h=yes
ac_cv_header_strings_h=yes
ac_cv_header_sys_stat_h=yes
ac_cv_header_sys_types_h=yes
ac_cv_header_unistd_h=yes
ac_cv_host=i686-pc-linux-gnu
ac_cv_objext=o
ac_cv_path_EGREP='/bin/grep -E'
ac_cv_path_FGREP='/bin/grep -F'
ac_cv_path_GMSGFMT=/usr/bin/msgfmt
ac_cv_path_GREP=/bin/grep
ac_cv_path_INTLTOOL_EXTRACT=/usr/bin/intltool-extract
ac_cv_path_INTLTOOL_MERGE=/usr/bin/intltool-merge
ac_cv_path_INTLTOOL_PERL=/usr/bin/perl
ac_cv_path_INTLTOOL_UPDATE=/usr/bin/intltool-update
ac_cv_path_MSGFMT=/usr/bin/msgfmt
ac_cv_path_MSGMERGE=/usr/bin/msgmerge
ac_cv_path_SED=/bin/sed
ac_cv_path_XGETTEXT=/usr/bin/xgettext
ac_cv_path_install='/usr/bin/install -c'
ac_cv_path_mkdir=/bin/mkdir
ac_cv_prog_AWK=mawk
ac_cv_prog_CPP='gcc -E'
ac_cv_prog_CXXCPP='g++ -E'
ac_cv_prog_ac_ct_AR=ar
ac_cv_prog_ac_ct_CC=gcc
ac_cv_prog_ac_ct_CXX=g++
ac_cv_prog_ac_ct_MANIFEST_TOOL=mt
ac_cv_prog_ac_ct_OBJDUMP=objdump
ac_cv_prog_ac_ct_RANLIB=ranlib
ac_cv_prog_ac_ct_STRIP=strip
ac_cv_prog_cc_c89=
ac_cv_prog_cc_g=yes
ac_cv_prog_cxx_g=yes
ac_cv_prog_make_make_set=yes
am_cv_CC_dependencies_compiler_type=gcc3
am_cv_CXX_dependencies_compiler_type=gcc3
am_cv_make_support_nested_variables=yes
am_cv_prog_cc_c_o=yes
am_cv_val_LC_MESSAGES=yes
gt_cv_func_dgettext_libc=yes
gt_cv_func_dgettext_libintl=no
gt_cv_func_ngettext_libc=yes
gt_cv_have_gettext=yes
lt_cv_ar_at_file=@
lt_cv_archive_cmds_need_lc=no
lt_cv_deplibs_check_method=pass_all
lt_cv_file_magic_cmd='$MAGIC_CMD'
lt_cv_file_magic_test_file=
lt_cv_ld_reload_flag=-r
lt_cv_nm_interface='BSD nm'
lt_cv_objdir=.libs
lt_cv_path_LD=/usr/bin/ld
lt_cv_path_LDCXX=/usr/bin/ld
lt_cv_path_NM='/usr/bin/nm -B'
lt_cv_path_mainfest_tool=no
lt_cv_prog_compiler_c_o=yes
lt_cv_prog_compiler_c_o_CXX=yes
lt_cv_prog_compiler_pic='-fPIC -DPIC'
lt_cv_prog_compiler_pic_CXX='-fPIC -DPIC'
lt_cv_prog_compiler_pic_works=yes
lt_cv_prog_compiler_pic_works_CXX=yes
lt_cv_prog_compiler_rtti_exceptions=no
lt_cv_prog_compiler_static_works=yes
lt_cv_prog_compiler_static_works_CXX=yes
lt_cv_prog_gnu_ld=yes
lt_cv_prog_gnu_ldcxx=yes
lt_cv_sharedlib_from_linklib_cmd='printf %s\n'
lt_cv_shlibpath_overrides_runpath=no
lt_cv_sys_global_symbol_pipe='sed -n -e '\''s/^.*[	 ]\([ABCDGIRSTW][ABCDGIRSTW]*\)[	 ][	 ]*\([_A-Za-z][_A-Za-z0-9]*\)$/\1 \2 \2/p'\'' | sed '\''/ __gnu_lto/d'\'''
lt_cv_sys_global_symbol_to_c_name_address='sed -n -e '\''s/^: \([^ ]*\)[ ]*$/  {\"\1\", (void *) 0},/p'\'' -e '\''s/^[ABCDGIRSTW]* \([^ ]*\) \([^ ]*\)$/  {"\2", (void *) \&\2},/p'\'''
lt_cv_sys_global_symbol_to_c_name_address_lib_prefix='sed -n -e '\''s/^: \([^ ]*\)[ ]*$/  {\"\1\", (void *) 0},/p'\'' -e '\''s/^[ABCDGIRSTW]* \([^ ]*\) \(lib[^ ]*\)$/  {"\2", (void *) \&\2},/p'\'' -e '\''s/^[ABCDGIRSTW]* \([^ ]*\) \([^ ]*\)$/  {"lib\2", (void *) \&\2},/p'\'''
lt_cv_sys_global_symbol_to_cdecl='sed -n -e '\''s/^T .* \(.*\)$/extern int \1();/p'\'' -e '\''s/^[ABCDGIRSTW]* .* \(.*\)$/extern char \1;/p'\'''
lt_cv_sys_max_cmd_len=1572864
lt_cv_to_host_file_cmd=func_convert_file_noop
lt_cv_to_tool_file_cmd=func_convert_file_noop

## ----------------- ##
## Output variables. ##
## ----------------- ##

ACLOCAL='${SHELL} /home/alejo/3matchgameubuntu/missing aclocal-1.14'
ALL_LINGUAS=''
AMDEPBACKSLASH='\'
AMDEP_FALSE='#'
AMDEP_TRUE=''
AMTAR='$${TAR-tar}'
AM_BACKSLASH='\'
AM_DEFAULT_V='$(AM_DEFAULT_VERBOSITY)'
AM_DEFAULT_VERBOSITY='0'
AM_V='$(V)'
AR='ar'
AUTOCONF='${SHELL} /home/alejo/3matchgameubuntu/missing autoconf'
AUTOHEADER='${SHELL} /home/alejo/3matchgameubuntu/missing autoheader'
AUTOMAKE='${SHELL} /home/alejo/3matchgameubuntu/missing automake-1.14'
AWK='mawk'
CATALOGS=''
CATOBJEXT='.gmo'
CC='gcc'
CCDEPMODE='depmode=gcc3'
CFLAGS='-g -O2'
CPP='gcc -E'
CPPFLAGS=''
CXX='g++'
CXXCPP='g++ -E'
CXXDEPMODE='depmode=gcc3'
CXXFLAGS='-g -O2'
CYGPATH_W='echo'
DATADIRNAME='share'
DEFS='-DHAVE_CONFIG_H'
DEPDIR='.deps'
DLLTOOL='false'
DSYMUTIL=''
DUMPBIN=''
ECHO_C=''
ECHO_N='-n'
ECHO_T=''
EGREP='/bin/grep -E'
EXEEXT=''
FGREP='/bin/grep -F'
GETTEXT_PACKAGE='3matchgameubuntu'
GMOFILES=''
GMSGFMT='/usr/bin/msgfmt'
GREP='/bin/grep'
INSTALL_DATA='${INSTALL} -m 644'
INSTALL_PROGRAM='${INSTALL}'
INSTALL_SCRIPT='${INSTALL}'
INSTALL_STRIP_PROGRAM='$(install_sh) -c -s'
INSTOBJEXT='.mo'
INTLLIBS=''
INTLTOOL_CAVES_RULE='%.caves:     %.caves.in     $(INTLTOOL_MERGE) $(wildcard $(top_srcdir)/po/*.po) ; $(INTLTOOL_V_MERGE)LC_ALL=C $(INTLTOOL_MERGE) $(INTLTOOL_V_MERGE_OPTIONS) -d -u -c $(top_builddir)/po/.intltool-merge-cache $(top_srcdir)/po $< $@'
INTLTOOL_DESKTOP_RULE='%.desktop:   %.desktop.in   $(INTLTOOL_MERGE) $(wildcard $(top_srcdir)/po/*.po) ; $(INTLTOOL_V_MERGE)LC_ALL=C $(INTLTOOL_MERGE) $(INTLTOOL_V_MERGE_OPTIONS) -d -u -c $(top_builddir)/po/.intltool-merge-cache $(top_srcdir)/po $< $@'
INTLTOOL_DIRECTORY_RULE='%.directory: %.directory.in $(INTLTOOL_MERGE) $(wildcard $(top_srcdir)/po/*.po) ; $(INTLTOOL_V_MERGE)LC_ALL=C $(INTLTOOL_MERGE) $(INTLTOOL_V_MERGE_OPTIONS) -d -u -c $(top_builddir)/po/.intltool-merge-cache $(top_srcdir)/po $< $@'
INTLTOOL_EXTRACT='/usr/bin/intltool-extract'
INTLTOOL_KBD_RULE='%.kbd:       %.kbd.in       $(INTLTOOL_MERGE) $(wildcard $(top_srcdir)/po/*.po) ; $(INTLTOOL_V_MERGE)LC_ALL=C $(INTLTOOL_MERGE) $(INTLTOOL_V_MERGE_OPTIONS) -x -u -m -c $(top_builddir)/po/.intltool-merge-cache $(top_srcdir)/po $< $@'
INTLTOOL_KEYS_RULE='%.keys:      %.keys.in      $(INTLTOOL_MERGE) $(wildcard $(top_srcdir)/po/*.po) ; $(INTLTOOL_V_MERGE)LC_ALL=C $(INTLTOOL_MERGE) $(INTLTOOL_V_MERGE_OPTIONS) -k -u -c $(top_builddir)/po/.intltool-merge-cache $(top_srcdir)/po $< $@'
INTLTOOL_MERGE='/usr/bin/intltool-merge'
INTLTOOL_OAF_RULE='%.oaf:       %.oaf.in       $(INTLTOOL_MERGE) $(wildcard $(top_srcdir)/po/*.po) ; $(INTLTOOL_V_MERGE)LC_ALL=C $(INTLTOOL_MERGE) $(INTLTOOL_V_MERGE_OPTIONS) -o -p $(top_srcdir)/po $< $@'
INTLTOOL_PERL='/usr/bin/perl'
INTLTOOL_POLICY_RULE='%.policy:    %.policy.in    $(INTLTOOL_MERGE) $(wildcard $(top_srcdir)/po/*.po) ; $(INTLTOOL_V_MERGE)LC_ALL=C $(INTLTOOL_MERGE) $(INTLTOOL_V_MERGE_OPTIONS) -x -u -c $(top_builddir)/po/.intltool-merge-cache $(top_srcdir)/po $< $@'
INTLTOOL_PONG_RULE='%.pong:      %.pong.in      $(INTLTOOL_MERGE) $(wildcard $(top_srcdir)/po/*.po) ; $(INTLTOOL_V_MERGE)LC_ALL=C $(INTLTOOL_MERGE) $(INTLTOOL_V_MERGE_OPTIONS) -x -u -c $(top_builddir)/po/.intltool-merge-cache $(top_srcdir)/po $< $@'
INTLTOOL_PROP_RULE='%.prop:      %.prop.in      $(INTLTOOL_MERGE) $(wildcard $(top_srcdir)/po/*.po) ; $(INTLTOOL_V_MERGE)LC_ALL=C $(INTLTOOL_MERGE) $(INTLTOOL_V_MERGE_OPTIONS) -d -u -c $(top_builddir)/po/.intltool-merge-cache $(top_srcdir)/po $< $@'
INTLTOOL_SCHEMAS_RULE='%.schemas:   %.schemas.in   $(INTLTOOL_MERGE) $(wildcard $(top_srcdir)/po/*.po) ; $(INTLTOOL_V_MERGE)LC_ALL=C $(INTLTOOL_MERGE) $(INTLTOOL_V_MERGE_OPTIONS) -s -u -c $(top_builddir)/po/.intltool-merge-cache $(top_srcdir)/po $< $@'
INTLTOOL_SERVER_RULE='%.server:    %.server.in    $(INTLTOOL_MERGE) $(wildcard $(top_srcdir)/po/*.po) ; $(INTLTOOL_V_MERGE)LC_ALL=C $(INTLTOOL_MERGE) $(INTLTOOL_V_MERGE_OPTIONS) -o -u -c $(top_builddir)/po/.intltool-merge-cache $(top_srcdir)/po $< $@'
INTLTOOL_SERVICE_RULE='%.service: %.service.in   $(INTLTOOL_MERGE) $(wildcard $(top_srcdir)/po/*.po) ; $(INTLTOOL_V_MERGE)LC_ALL=C $(INTLTOOL_MERGE) $(INTLTOOL_V_MERGE_OPTIONS) -d -u -c $(top_builddir)/po/.intltool-merge-cache $(top_srcdir)/po $< $@'
INTLTOOL_SHEET_RULE='%.sheet:     %.sheet.in     $(INTLTOOL_MERGE) $(wildcard $(top_srcdir)/po/*.po) ; $(INTLTOOL_V_MERGE)LC_ALL=C $(INTLTOOL_MERGE) $(INTLTOOL_V_MERGE_OPTIONS) -x -u -c $(top_builddir)/po/.intltool-merge-cache $(top_srcdir)/po $< $@'
INTLTOOL_SOUNDLIST_RULE='%.soundlist: %.soundlist.in $(INTLTOOL_MERGE) $(wildcard $(top_srcdir)/po/*.po) ; $(INTLTOOL_V_MERGE)LC_ALL=C $(INTLTOOL_MERGE) $(INTLTOOL_V_MERGE_OPTIONS) -d -u -c $(top_builddir)/po/.intltool-merge-cache $(top_srcdir)/po $< $@'
INTLTOOL_THEME_RULE='%.theme:     %.theme.in     $(INTLTOOL_MERGE) $(wildcard $(top_srcdir)/po/*.po) ; $(INTLTOOL_V_MERGE)LC_ALL=C $(INTLTOOL_MERGE) $(INTLTOOL_V_MERGE_OPTIONS) -d -u -c $(top_builddir)/po/.intltool-merge-cache $(top_srcdir)/po $< $@'
INTLTOOL_UI_RULE='%.ui:        %.ui.in        $(INTLTOOL_MERGE) $(wildcard $(top_srcdir)/po/*.po) ; $(INTLTOOL_V_MERGE)LC_ALL=C $(INTLTOOL_MERGE) $(INTLTOOL_V_MERGE_OPTIONS) -x -u -c $(top_builddir)/po/.intltool-merge-cache $(top_srcdir)/po $< $@'
INTLTOOL_UPDATE='/usr/bin/intltool-update'
INTLTOOL_V_MERGE='$(INTLTOOL__v_MERGE_$(V))'
INTLTOOL_V_MERGE_OPTIONS='$(intltool__v_merge_options_$(V))'
INTLTOOL_XAM_RULE='%.xam:       %.xml.in       $(INTLTOOL_MERGE) $(wildcard $(top_srcdir)/po/*.po) ; $(INTLTOOL_V_MERGE)LC_ALL=C $(INTLTOOL_MERGE) $(INTLTOOL_V_MERGE_OPTIONS) -x -u -c $(top_builddir)/po/.intltool-merge-cache $(top_srcdir)/po $< $@'
INTLTOOL_XML_NOMERGE_RULE='%.xml:       %.xml.in       $(INTLTOOL_MERGE) ; $(INTLTOOL_V_MERGE)LC_ALL=C $(INTLTOOL_MERGE) $(INTLTOOL_V_MERGE_OPTIONS) -x -u --no-translations $< $@'
INTLTOOL_XML_RULE='%.xml:       %.xml.in       $(INTLTOOL_MERGE) $(wildcard $(top_srcdir)/po/*.po) ; $(INTLTOOL_V_MERGE)LC_ALL=C $(INTLTOOL_MERGE) $(INTLTOOL_V_MERGE_OPTIONS) -x -u -c $(top_builddir)/po/.intltool-merge-cache $(top_srcdir)/po $< $@'
INTLTOOL__v_MERGE_0='@echo "  ITMRG " $@;'
INTLTOOL__v_MERGE_='$(INTLTOOL__v_MERGE_$(AM_DEFAULT_VERBOSITY))'
LD='/usr/bin/ld'
LDFLAGS=''
LIBOBJS=''
LIBS=''
LIBTOOL='$(SHELL) $(top_builddir)/libtool'
LIPO=''
LN_S='ln -s'
LTLIBOBJS=''
MAKEINFO='${SHELL} /home/alejo/3matchgameubuntu/missing makeinfo'
MANIFEST_TOOL=':'
MKDIR_P='/bin/mkdir -p'
MKINSTALLDIRS='./mkinstalldirs'
MSGFMT='/usr/bin/msgfmt'
MSGFMT_OPTS='-c'
MSGMERGE='/usr/bin/msgmerge'
NM='/usr/bin/nm -B'
NMEDIT=''
OBJDUMP='objdump'
OBJEXT='o'
OTOOL64=''
OTOOL=''
PACKAGE='3matchgameubuntu'
PACKAGE_BUGREPORT=''
PACKAGE_NAME='3matchgameubuntu'
PACKAGE_STRING='3matchgameubuntu 0.1'
PACKAGE_TARNAME='3matchgameubuntu'
PACKAGE_URL=''
PACKAGE_VERSION='0.1'
PATH_SEPARATOR=':'
POFILES=''
POSUB='po'
PO_IN_DATADIR_FALSE=''
PO_IN_DATADIR_TRUE=''
RANLIB='ranlib'
SED='/bin/sed'
SET_MAKE=''
SHELL='/bin/bash'
STRIP='strip'
USE_NLS='yes'
VERSION='0.1'
XGETTEXT='/usr/bin/xgettext'
ac_ct_AR='ar'
ac_ct_CC='gcc'
ac_ct_CXX='g++'
ac_ct_DUMPBIN=''
am__EXEEXT_FALSE=''
am__EXEEXT_TRUE='#'
am__fastdepCC_FALSE='#'
am__fastdepCC_TRUE=''
am__fastdepCXX_FALSE='#'
am__fastdepCXX_TRUE=''
am__include='include'
am__isrc=''
am__leading_dot='.'
am__nodep='_no'
am__quote=''
am__tar='$${TAR-tar} chof - "$$tardir"'
am__untar='$${TAR-tar} xf -'
bindir='${exec_prefix}/bin'
build='i686-pc-linux-gnu'
build_alias=''
build_cpu='i686'
build_os='linux-gnu'
build_vendor='pc'
datadir='${datarootdir}'
datarootdir='${prefix}/share'
docdir='${datarootdir}/doc/${PACKAGE_TARNAME}'
dvidir='${docdir}'
exec_prefix='${prefix}'
host='i686-pc-linux-gnu'
host_alias=''
host_cpu='i686'
host_os='linux-gnu'
host_vendor='pc'
htmldir='${docdir}'
includedir='${prefix}/include'
infodir='${datarootdir}/info'
install_sh='${SHELL} /home/alejo/3matchgameubuntu/install-sh'
intltool__v_merge_options_0='-q'
intltool__v_merge_options_='$(intltool__v_merge_options_$(AM_DEFAULT_VERBOSITY))'
libdir='${exec_prefix}/lib'
libexecdir='${exec_prefix}/libexec'
localedir='${datarootdir}/locale'
localstatedir='${prefix}/var'
mandir='${datarootdir}/man'
mkdir_p='$(MKDIR_P)'
oldincludedir='/usr/include'
pdfdir='${docdir}'
prefix='/usr/local'
program_transform_name='s,x,x,'
psdir='${docdir}'
sbindir='${exec_prefix}/sbin'
sharedstatedir='${prefix}/com'
sysconfdir='${prefix}/etc'
target_alias=''

## ----------- ##
## confdefs.h. ##
## ----------- ##

/* confdefs.h */
#define PACKAGE_NAME "3matchgameubuntu"
#define PACKAGE_TARNAME "3matchgameubuntu"
#define PACKAGE_VERSION "0.1"
#define PACKAGE_STRING "3matchgameubuntu 0.1"
#define PACKAGE_BUGREPORT ""
#define PACKAGE_URL ""
#define PACKAGE "3matchgameubuntu"
#define VERSION "0.1"
#define GETTEXT_PACKAGE "3matchgameubuntu"
#define STDC_HEADERS 1
#define HAVE_SYS_TYPES_H 1
#define HAVE_SYS_STAT_H 1
#define HAVE_STDLIB_H 1
#define HAVE_STRING_H 1
#define HAVE_MEMORY_H 1
#define HAVE_STRINGS_H 1
#define HAVE_INTTYPES_H 1
#define HAVE_STDINT_H 1
#define HAVE_UNISTD_H 1
#define HAVE_LOCALE_H 1
#define HAVE_LC_MESSAGES 1
#define HAVE_BIND_TEXTDOMAIN_CODESET 1
#define HAVE_GETTEXT 1
#define HAVE_DCGETTEXT 1
#define ENABLE_NLS 1
#define HAVE_DLFCN_H 1
#define LT_OBJDIR ".libs/"

configure: exit 0

## ---------------------- ##
## Running config.status. ##
## ---------------------- ##

This file was extended by 3matchgameubuntu config.status 0.1, which was
generated by GNU Autoconf 2.69.  Invocation command line was

  CONFIG_FILES    = 
  CONFIG_HEADERS  = 
  CONFIG_LINKS    = 
  CONFIG_COMMANDS = 
  $ ./config.status src/Makefile depfiles

on alejo-OEM

config.status:1222: creating src/Makefile
config.status:1451: executing depfiles commands

## ---------------------- ##
## Running config.status. ##
## ---------------------- ##

This file was extended by 3matchgameubuntu config.status 0.1, which was
generated by GNU Autoconf 2.69.  Invocation command line was

  CONFIG_FILES    = 
  CONFIG_HEADERS  = 
  CONFIG_LINKS    = 
  CONFIG_COMMANDS = 
  $ ./config.status src/Makefile depfiles

on alejo-OEM

config.status:1222: creating src/Makefile
config.status:1451: executing depfiles commands
